Vivado Simulator v2024.1.2
Copyright 1986-2022 Xilinx, Inc. All Rights Reserved.
Copyright 2022-2024 Advanced Micro Devices, Inc. All Rights Reserved.
Running: D:/amdvivado/Vivado/2024.1/bin/unwrapped/win64.o/xelab.exe --incr --debug typical --relax --mt 2 -L xil_defaultlib -L unisims_ver -L unimacro_ver -L secureip --snapshot CPU_test_behav xil_defaultlib.CPU_test xil_defaultlib.glbl -log elaborate.log 
Using 2 slave threads.
Starting static elaboration
Pass Through NonSizing Optimizer
Completed static elaboration
Starting simulation data flow analysis
Completed simulation data flow analysis
Time Resolution for simulation is 1ps
Compiling module xil_defaultlib.Program_Counter
Compiling module xil_defaultlib.Address_Mux
Compiling module xil_defaultlib.Memory
Compiling module xil_defaultlib.Instruction_Register
Compiling module xil_defaultlib.Accumulator
Compiling module xil_defaultlib.ALU
Compiling module xil_defaultlib.Controller
Compiling module xil_defaultlib.RISC_CPU_8b
Compiling module xil_defaultlib.CPU_test
Compiling module xil_defaultlib.glbl
Built simulation snapshot CPU_test_behav
